{"/Users/utkukaba/Desktop/test-dashboard/src/components/PageHeader.jsx": {"path":"/Users/utkukaba/Desktop/test-dashboard/src/components/PageHeader.jsx","statementMap":{"0":{"start":{"line":1,"column":15},"end":{"line":1,"column":35}},"1":{"start":{"line":1,"column":35},"end":{"line":1,"column":44}},"2":{"start":{"line":1,"column":44},"end":{"line":5,"column":null}},"3":{"start":{"line":5,"column":9},"end":{"line":5,"column":28}},"4":{"start":{"line":5,"column":28},"end":{"line":5,"column":null}},"5":{"start":{"line":5,"column":28},"end":{"line":7,"column":null}},"6":{"start":{"line":3,"column":4},"end":{"line":7,"column":10}},"7":{"start":{"line":7,"column":10},"end":{"line":7,"column":null}},"8":{"start":{"line":7,"column":10},"end":{"line":3,"column":19}}},"fnMap":{"0":{"name":"PageHeader","decl":{"start":{"line":1,"column":15},"end":{"line":1,"column":35}},"loc":{"start":{"line":1,"column":15},"end":{"line":7,"column":null}},"line":1}},"branchMap":{"0":{"loc":{"start":{"line":1,"column":44},"end":{"line":5,"column":null}},"type":"if","locations":[{"start":{"line":1,"column":44},"end":{"line":5,"column":null}},{"start":{"line":5,"column":28},"end":{"line":5,"column":null}}],"line":1},"1":{"loc":{"start":{"line":5,"column":28},"end":{"line":7,"column":null}},"type":"if","locations":[{"start":{"line":5,"column":28},"end":{"line":7,"column":null}},{"start":{"line":7,"column":10},"end":{"line":7,"column":null}}],"line":5}},"s":{"0":4,"1":4,"2":4,"3":4,"4":0,"5":4,"6":4,"7":0,"8":4},"f":{"0":4},"b":{"0":[4,0],"1":[4,0]},"meta":{"lastBranch":2,"lastFunction":1,"lastStatement":9,"seen":{"f:1:15:1:35":0,"s:1:15:1:35":0,"s:1:35:1:44":1,"b:1:44:5:Infinity:5:28:5:Infinity":0,"s:1:44:5:Infinity":2,"s:5:9:5:28":3,"s:5:28:5:Infinity":4,"b:5:28:7:Infinity:7:10:7:Infinity":1,"s:5:28:7:Infinity":5,"s:3:4:7:10":6,"s:7:10:7:Infinity":7,"s:7:10:3:19":8}}}
,"/Users/utkukaba/Desktop/test-dashboard/src/components/Sidebar.jsx": {"path":"/Users/utkukaba/Desktop/test-dashboard/src/components/Sidebar.jsx","statementMap":{"0":{"start":{"line":5,"column":15},"end":{"line":5,"column":32}},"1":{"start":{"line":5,"column":32},"end":{"line":5,"column":44}},"2":{"start":{"line":5,"column":44},"end":{"line":11,"column":null}},"3":{"start":{"line":6,"column":20},"end":{"line":10,"column":null}},"4":{"start":{"line":11,"column":3},"end":{"line":11,"column":null}},"5":{"start":{"line":6,"column":20},"end":{"line":6,"column":null}},"6":{"start":{"line":13,"column":2},"end":{"line":13,"column":58}},"7":{"start":{"line":13,"column":58},"end":{"line":18,"column":4}},"8":{"start":{"line":15,"column":23},"end":{"line":17,"column":null}},"9":{"start":{"line":16,"column":4},"end":{"line":16,"column":null}},"10":{"start":{"line":17,"column":4},"end":{"line":17,"column":25}},"11":{"start":{"line":18,"column":3},"end":{"line":18,"column":4}},"12":{"start":{"line":15,"column":23},"end":{"line":15,"column":null}},"13":{"start":{"line":18,"column":4},"end":{"line":21,"column":null}},"14":{"start":{"line":20,"column":18},"end":{"line":21,"column":null}},"15":{"start":{"line":21,"column":11},"end":{"line":21,"column":38}},"16":{"start":{"line":21,"column":38},"end":{"line":21,"column":null}},"17":{"start":{"line":21,"column":38},"end":{"line":21,"column":12}},"18":{"start":{"line":21,"column":38},"end":{"line":27,"column":null}},"19":{"start":{"line":27,"column":8},"end":{"line":27,"column":74}},"20":{"start":{"line":27,"column":74},"end":{"line":27,"column":null}},"21":{"start":{"line":27,"column":74},"end":{"line":31,"column":null}},"22":{"start":{"line":26,"column":6},"end":{"line":31,"column":12}},"23":{"start":{"line":31,"column":12},"end":{"line":31,"column":null}},"24":{"start":{"line":31,"column":12},"end":{"line":48,"column":null}},"25":{"start":{"line":33,"column":9},"end":{"line":48,"column":10}},"26":{"start":{"line":48,"column":10},"end":{"line":48,"column":null}},"27":{"start":{"line":48,"column":10},"end":{"line":54,"column":null}},"28":{"start":{"line":53,"column":10},"end":{"line":53,"column":null}},"29":{"start":{"line":54,"column":10},"end":{"line":54,"column":50}},"30":{"start":{"line":54,"column":50},"end":{"line":54,"column":null}},"31":{"start":{"line":54,"column":50},"end":{"line":56,"column":null}},"32":{"start":{"line":32,"column":6},"end":{"line":56,"column":12}},"33":{"start":{"line":56,"column":12},"end":{"line":56,"column":null}},"34":{"start":{"line":56,"column":12},"end":{"line":61,"column":null}},"35":{"start":{"line":57,"column":6},"end":{"line":61,"column":15}},"36":{"start":{"line":61,"column":15},"end":{"line":61,"column":null}},"37":{"start":{"line":61,"column":15},"end":{"line":62,"column":null}},"38":{"start":{"line":25,"column":4},"end":{"line":62,"column":12}},"39":{"start":{"line":62,"column":12},"end":{"line":62,"column":null}},"40":{"start":{"line":62,"column":12},"end":{"line":25,"column":21}},"41":{"start":{"line":5,"column":15},"end":{"line":47,"column":20}},"42":{"start":{"line":37,"column":24},"end":{"line":37,"column":36}},"43":{"start":{"line":37,"column":36},"end":{"line":41,"column":null}}},"fnMap":{"0":{"name":"Sidebar","decl":{"start":{"line":5,"column":15},"end":{"line":5,"column":32}},"loc":{"start":{"line":5,"column":15},"end":{"line":62,"column":null}},"line":5},"1":{"name":"(anonymous_1)","decl":{"start":{"line":15,"column":23},"end":{"line":15,"column":null}},"loc":{"start":{"line":15,"column":23},"end":{"line":17,"column":null}},"line":15}},"branchMap":{"0":{"loc":{"start":{"line":5,"column":44},"end":{"line":11,"column":null}},"type":"if","locations":[{"start":{"line":5,"column":44},"end":{"line":11,"column":null}},{"start":{"line":11,"column":3},"end":{"line":11,"column":null}}],"line":5},"1":{"loc":{"start":{"line":13,"column":58},"end":{"line":18,"column":4}},"type":"if","locations":[{"start":{"line":13,"column":58},"end":{"line":18,"column":4}},{"start":{"line":18,"column":3},"end":{"line":18,"column":4}}],"line":13},"2":{"loc":{"start":{"line":18,"column":4},"end":{"line":21,"column":null}},"type":"if","locations":[{"start":{"line":18,"column":4},"end":{"line":21,"column":null}},{"start":{},"end":{}}],"line":18},"3":{"loc":{"start":{"line":20,"column":18},"end":{"line":21,"column":null}},"type":"if","locations":[{"start":{"line":20,"column":18},"end":{"line":21,"column":null}},{"start":{"line":21,"column":38},"end":{"line":21,"column":null}}],"line":20},"4":{"loc":{"start":{"line":21,"column":38},"end":{"line":27,"column":null}},"type":"if","locations":[{"start":{"line":21,"column":38},"end":{"line":27,"column":null}},{"start":{"line":27,"column":74},"end":{"line":27,"column":null}}],"line":21},"5":{"loc":{"start":{"line":27,"column":74},"end":{"line":31,"column":null}},"type":"if","locations":[{"start":{"line":27,"column":74},"end":{"line":31,"column":null}},{"start":{"line":31,"column":12},"end":{"line":31,"column":null}}],"line":27},"6":{"loc":{"start":{"line":31,"column":12},"end":{"line":48,"column":null}},"type":"if","locations":[{"start":{"line":31,"column":12},"end":{"line":48,"column":null}},{"start":{"line":48,"column":10},"end":{"line":48,"column":null}}],"line":31},"7":{"loc":{"start":{"line":48,"column":10},"end":{"line":54,"column":null}},"type":"if","locations":[{"start":{"line":48,"column":10},"end":{"line":54,"column":null}},{"start":{"line":54,"column":50},"end":{"line":54,"column":null}}],"line":48},"8":{"loc":{"start":{"line":54,"column":50},"end":{"line":56,"column":null}},"type":"if","locations":[{"start":{"line":54,"column":50},"end":{"line":56,"column":null}},{"start":{"line":56,"column":12},"end":{"line":56,"column":null}}],"line":54},"9":{"loc":{"start":{"line":56,"column":12},"end":{"line":61,"column":null}},"type":"if","locations":[{"start":{"line":56,"column":12},"end":{"line":61,"column":null}},{"start":{"line":61,"column":15},"end":{"line":61,"column":null}}],"line":56},"10":{"loc":{"start":{"line":61,"column":15},"end":{"line":62,"column":null}},"type":"if","locations":[{"start":{"line":61,"column":15},"end":{"line":62,"column":null}},{"start":{"line":62,"column":12},"end":{"line":62,"column":null}}],"line":61},"11":{"loc":{"start":{"line":39,"column":16},"end":{"line":41,"column":36}},"type":"cond-expr","locations":[{"start":{"line":40,"column":20},"end":{"line":40,"column":null}},{"start":{"line":41,"column":20},"end":{"line":41,"column":36}}],"line":39}},"s":{"0":3,"1":3,"2":3,"3":3,"4":0,"5":3,"6":3,"7":3,"8":3,"9":0,"10":0,"11":0,"12":3,"13":3,"14":0,"15":0,"16":0,"17":0,"18":3,"19":3,"20":0,"21":3,"22":3,"23":0,"24":3,"25":3,"26":0,"27":3,"28":3,"29":3,"30":0,"31":3,"32":3,"33":0,"34":3,"35":3,"36":0,"37":3,"38":3,"39":0,"40":3,"41":12,"42":12,"43":12},"f":{"0":27,"1":0},"b":{"0":[3,0],"1":[3,0],"2":[0,3],"3":[0,0],"4":[3,0],"5":[3,0],"6":[3,0],"7":[3,0],"8":[3,0],"9":[3,0],"10":[3,0],"11":[1,11]},"meta":{"lastBranch":12,"lastFunction":2,"lastStatement":44,"seen":{"f:5:15:5:32":0,"s:5:15:5:32":0,"s:5:32:5:44":1,"b:5:44:11:Infinity:11:3:11:Infinity":0,"s:5:44:11:Infinity":2,"s:6:20:10:Infinity":3,"s:11:3:11:Infinity":4,"s:6:20:6:Infinity":5,"s:13:2:13:58":6,"b:13:58:18:4:18:3:18:4":1,"s:13:58:18:4":7,"s:15:23:17:Infinity":8,"f:15:23:15:Infinity":1,"s:16:4:16:Infinity":9,"s:17:4:17:25":10,"s:18:3:18:4":11,"s:15:23:15:Infinity":12,"b:18:4:21:Infinity:undefined:undefined:undefined:undefined":2,"s:18:4:21:Infinity":13,"b:20:18:21:Infinity:21:38:21:Infinity":3,"s:20:18:21:Infinity":14,"s:21:11:21:38":15,"s:21:38:21:Infinity":16,"s:21:38:21:12":17,"b:21:38:27:Infinity:27:74:27:Infinity":4,"s:21:38:27:Infinity":18,"s:27:8:27:74":19,"s:27:74:27:Infinity":20,"b:27:74:31:Infinity:31:12:31:Infinity":5,"s:27:74:31:Infinity":21,"s:26:6:31:12":22,"s:31:12:31:Infinity":23,"b:31:12:48:Infinity:48:10:48:Infinity":6,"s:31:12:48:Infinity":24,"s:33:9:48:10":25,"s:48:10:48:Infinity":26,"b:48:10:54:Infinity:54:50:54:Infinity":7,"s:48:10:54:Infinity":27,"s:53:10:53:Infinity":28,"s:54:10:54:50":29,"s:54:50:54:Infinity":30,"b:54:50:56:Infinity:56:12:56:Infinity":8,"s:54:50:56:Infinity":31,"s:32:6:56:12":32,"s:56:12:56:Infinity":33,"b:56:12:61:Infinity:61:15:61:Infinity":9,"s:56:12:61:Infinity":34,"s:57:6:61:15":35,"s:61:15:61:Infinity":36,"b:61:15:62:Infinity:62:12:62:Infinity":10,"s:61:15:62:Infinity":37,"s:25:4:62:12":38,"s:62:12:62:Infinity":39,"s:62:12:25:21":40,"s:5:15:47:20":41,"s:37:24:37:36":42,"s:37:36:41:Infinity":43,"b:40:20:40:Infinity:41:20:41:36":11}}}
,"/Users/utkukaba/Desktop/test-dashboard/src/pages/Users.jsx": {"path":"/Users/utkukaba/Desktop/test-dashboard/src/pages/Users.jsx","statementMap":{"0":{"start":{"line":4,"column":15},"end":{"line":4,"column":null}},"1":{"start":{"line":4,"column":15},"end":{"line":5,"column":null}},"2":{"start":{"line":5,"column":37},"end":{"line":5,"column":39}},"3":{"start":{"line":5,"column":39},"end":{"line":5,"column":null}},"4":{"start":{"line":5,"column":2},"end":{"line":5,"column":null}},"5":{"start":{"line":6,"column":2},"end":{"line":6,"column":null}},"6":{"start":{"line":7,"column":2},"end":{"line":7,"column":null}},"7":{"start":{"line":8,"column":2},"end":{"line":8,"column":57}},"8":{"start":{"line":8,"column":57},"end":{"line":21,"column":8}},"9":{"start":{"line":10,"column":12},"end":{"line":20,"column":null}},"10":{"start":{"line":11,"column":4},"end":{"line":20,"column":8}},"11":{"start":{"line":14,"column":8},"end":{"line":14,"column":null}},"12":{"start":{"line":15,"column":8},"end":{"line":15,"column":25}},"13":{"start":{"line":18,"column":8},"end":{"line":18,"column":null}},"14":{"start":{"line":19,"column":8},"end":{"line":19,"column":25}},"15":{"start":{"line":21,"column":5},"end":{"line":21,"column":7}},"16":{"start":{"line":21,"column":7},"end":{"line":21,"column":8}},"17":{"start":{"line":10,"column":2},"end":{"line":21,"column":8}},"18":{"start":{"line":21,"column":8},"end":{"line":104,"column":null}},"19":{"start":{"line":29,"column":6},"end":{"line":31,"column":12}},"20":{"start":{"line":31,"column":12},"end":{"line":104,"column":null}},"21":{"start":{"line":31,"column":12},"end":{"line":24,"column":null}},"22":{"start":{"line":23,"column":37},"end":{"line":24,"column":62}},"23":{"start":{"line":24,"column":4},"end":{"line":24,"column":62}},"24":{"start":{"line":24,"column":62},"end":{"line":24,"column":null}},"25":{"start":{"line":23,"column":24},"end":{"line":25,"column":4}},"26":{"start":{"line":25,"column":4},"end":{"line":31,"column":null}},"27":{"start":{"line":27,"column":13},"end":{"line":31,"column":null}},"28":{"start":{"line":29,"column":6},"end":{"line":31,"column":11}},"29":{"start":{"line":31,"column":12},"end":{"line":31,"column":null}},"30":{"start":{"line":29,"column":6},"end":{"line":29,"column":21}},"31":{"start":{"line":31,"column":12},"end":{"line":37,"column":null}},"32":{"start":{"line":35,"column":23},"end":{"line":36,"column":null}},"33":{"start":{"line":36,"column":4},"end":{"line":36,"column":56}},"34":{"start":{"line":36,"column":31},"end":{"line":36,"column":55}},"35":{"start":{"line":37,"column":3},"end":{"line":37,"column":null}},"36":{"start":{"line":35,"column":23},"end":{"line":35,"column":null}},"37":{"start":{"line":40,"column":19},"end":{"line":40,"column":28}},"38":{"start":{"line":40,"column":28},"end":{"line":41,"column":null}},"39":{"start":{"line":41,"column":6},"end":{"line":41,"column":34}},"40":{"start":{"line":41,"column":34},"end":{"line":41,"column":null}},"41":{"start":{"line":41,"column":34},"end":{"line":48,"column":null}},"42":{"start":{"line":48,"column":20},"end":{"line":48,"column":56}},"43":{"start":{"line":48,"column":27},"end":{"line":48,"column":56}},"44":{"start":{"line":48,"column":56},"end":{"line":48,"column":null}},"45":{"start":{"line":48,"column":56},"end":{"line":51,"column":null}},"46":{"start":{"line":43,"column":6},"end":{"line":51,"column":12}},"47":{"start":{"line":51,"column":12},"end":{"line":51,"column":null}},"48":{"start":{"line":53,"column":21},"end":{"line":53,"column":null}},"49":{"start":{"line":54,"column":9},"end":{"line":103,"column":null}},"50":{"start":{"line":56,"column":12},"end":{"line":97,"column":null}},"51":{"start":{"line":59,"column":29},"end":{"line":59,"column":null}},"52":{"start":{"line":104,"column":9},"end":{"line":104,"column":null}},"53":{"start":{"line":104,"column":9},"end":{"line":105,"column":null}},"54":{"start":{"line":53,"column":6},"end":{"line":105,"column":12}},"55":{"start":{"line":105,"column":12},"end":{"line":105,"column":null}},"56":{"start":{"line":105,"column":12},"end":{"line":106,"column":null}},"57":{"start":{"line":40,"column":4},"end":{"line":106,"column":10}},"58":{"start":{"line":106,"column":10},"end":{"line":106,"column":null}},"59":{"start":{"line":106,"column":10},"end":{"line":40,"column":19}},"60":{"start":{"line":4,"column":15},"end":{"line":12,"column":31}}},"fnMap":{"0":{"name":"Users","decl":{"start":{"line":4,"column":15},"end":{"line":4,"column":null}},"loc":{"start":{"line":4,"column":15},"end":{"line":106,"column":null}},"line":4},"1":{"name":"(anonymous_1)","decl":{"start":{"line":10,"column":12},"end":{"line":10,"column":null}},"loc":{"start":{"line":10,"column":12},"end":{"line":20,"column":null}},"line":10},"2":{"name":"(anonymous_2)","decl":{"start":{"line":12,"column":32},"end":{"line":12,"column":null}},"loc":{"start":{"line":12,"column":32},"end":{"line":15,"column":null}},"line":12},"3":{"name":"(anonymous_3)","decl":{"start":{"line":16,"column":8},"end":{"line":16,"column":null}},"loc":{"start":{"line":16,"column":8},"end":{"line":19,"column":null}},"line":16},"4":{"name":"(anonymous_4)","decl":{"start":{"line":23,"column":37},"end":{"line":23,"column":null}},"loc":{"start":{"line":24,"column":4},"end":{"line":24,"column":62}},"line":24},"5":{"name":"(anonymous_5)","decl":{"start":{"line":35,"column":23},"end":{"line":35,"column":null}},"loc":{"start":{"line":35,"column":23},"end":{"line":36,"column":null}},"line":35},"6":{"name":"(anonymous_6)","decl":{"start":{"line":36,"column":19},"end":{"line":36,"column":31}},"loc":{"start":{"line":36,"column":31},"end":{"line":36,"column":55}},"line":36},"7":{"name":"(anonymous_7)","decl":{"start":{"line":48,"column":20},"end":{"line":48,"column":27}},"loc":{"start":{"line":48,"column":27},"end":{"line":48,"column":56}},"line":48},"8":{"name":"(anonymous_8)","decl":{"start":{"line":55,"column":23},"end":{"line":55,"column":null}},"loc":{"start":{"line":56,"column":12},"end":{"line":97,"column":null}},"line":56},"9":{"name":"(anonymous_9)","decl":{"start":{"line":59,"column":23},"end":{"line":59,"column":29}},"loc":{"start":{"line":59,"column":29},"end":{"line":59,"column":null}},"line":59}},"branchMap":{"0":{"loc":{"start":{"line":4,"column":15},"end":{"line":5,"column":null}},"type":"if","locations":[{"start":{"line":4,"column":15},"end":{"line":5,"column":null}},{"start":{"line":5,"column":39},"end":{"line":5,"column":null}}],"line":4},"1":{"loc":{"start":{"line":8,"column":57},"end":{"line":21,"column":8}},"type":"if","locations":[{"start":{"line":8,"column":57},"end":{"line":21,"column":8}},{"start":{"line":21,"column":7},"end":{"line":21,"column":8}}],"line":8},"2":{"loc":{"start":{"line":21,"column":8},"end":{"line":104,"column":null}},"type":"if","locations":[{"start":{"line":21,"column":8},"end":{"line":104,"column":null}},{"start":{"line":104,"column":9},"end":{"line":104,"column":null}}],"line":21},"3":{"loc":{"start":{"line":21,"column":8},"end":{"line":21,"column":null}},"type":"binary-expr","locations":[{"start":{"line":21,"column":8},"end":{"line":21,"column":null}},{"start":{"line":21,"column":8},"end":{"line":21,"column":null}},{"start":{"line":21,"column":8},"end":{"line":21,"column":null}},{"start":{"line":21,"column":8},"end":{"line":21,"column":null}}],"line":21},"4":{"loc":{"start":{"line":31,"column":12},"end":{"line":24,"column":null}},"type":"if","locations":[{"start":{"line":31,"column":12},"end":{"line":24,"column":null}},{"start":{"line":24,"column":62},"end":{"line":24,"column":null}}],"line":31},"5":{"loc":{"start":{"line":25,"column":4},"end":{"line":31,"column":null}},"type":"if","locations":[{"start":{"line":25,"column":4},"end":{"line":31,"column":null}},{"start":{},"end":{}}],"line":25},"6":{"loc":{"start":{"line":27,"column":13},"end":{"line":31,"column":null}},"type":"if","locations":[{"start":{"line":27,"column":13},"end":{"line":31,"column":null}},{"start":{"line":31,"column":12},"end":{"line":31,"column":null}}],"line":27},"7":{"loc":{"start":{"line":31,"column":12},"end":{"line":37,"column":null}},"type":"if","locations":[{"start":{"line":31,"column":12},"end":{"line":37,"column":null}},{"start":{"line":37,"column":3},"end":{"line":37,"column":null}}],"line":31},"8":{"loc":{"start":{"line":36,"column":31},"end":{"line":36,"column":55}},"type":"cond-expr","locations":[{"start":{"line":36,"column":42},"end":{"line":36,"column":52}},{"start":{"line":36,"column":52},"end":{"line":36,"column":55}}],"line":36},"9":{"loc":{"start":{"line":40,"column":28},"end":{"line":41,"column":null}},"type":"if","locations":[{"start":{"line":40,"column":28},"end":{"line":41,"column":null}},{"start":{"line":41,"column":34},"end":{"line":41,"column":null}}],"line":40},"10":{"loc":{"start":{"line":41,"column":34},"end":{"line":48,"column":null}},"type":"if","locations":[{"start":{"line":41,"column":34},"end":{"line":48,"column":null}},{"start":{"line":48,"column":56},"end":{"line":48,"column":null}}],"line":41},"11":{"loc":{"start":{"line":48,"column":56},"end":{"line":51,"column":null}},"type":"if","locations":[{"start":{"line":48,"column":56},"end":{"line":51,"column":null}},{"start":{"line":51,"column":12},"end":{"line":51,"column":null}}],"line":48},"12":{"loc":{"start":{"line":54,"column":9},"end":{"line":103,"column":null}},"type":"cond-expr","locations":[{"start":{"line":55,"column":10},"end":{"line":98,"column":null}},{"start":{"line":100,"column":10},"end":{"line":103,"column":null}}],"line":54},"13":{"loc":{"start":{"line":66,"column":19},"end":{"line":66,"column":null}},"type":"cond-expr","locations":[{"start":{"line":66,"column":46},"end":{"line":66,"column":53}},{"start":{"line":66,"column":53},"end":{"line":66,"column":null}}],"line":66},"14":{"loc":{"start":{"line":70,"column":15},"end":{"line":95,"column":null}},"type":"binary-expr","locations":[{"start":{"line":70,"column":15},"end":{"line":70,"column":null}},{"start":{"line":71,"column":16},"end":{"line":95,"column":null}}],"line":70},"15":{"loc":{"start":{"line":104,"column":9},"end":{"line":104,"column":null}},"type":"if","locations":[{"start":{"line":104,"column":9},"end":{"line":104,"column":null}},{"start":{},"end":{}}],"line":104},"16":{"loc":{"start":{"line":104,"column":9},"end":{"line":105,"column":null}},"type":"if","locations":[{"start":{"line":104,"column":9},"end":{"line":105,"column":null}},{"start":{"line":105,"column":12},"end":{"line":105,"column":null}}],"line":104},"17":{"loc":{"start":{"line":104,"column":9},"end":{"line":104,"column":null}},"type":"binary-expr","locations":[{"start":{"line":104,"column":9},"end":{"line":104,"column":null}},{"start":{"line":104,"column":9},"end":{"line":104,"column":null}}],"line":104},"18":{"loc":{"start":{"line":105,"column":12},"end":{"line":106,"column":null}},"type":"if","locations":[{"start":{"line":105,"column":12},"end":{"line":106,"column":null}},{"start":{"line":106,"column":10},"end":{"line":106,"column":null}}],"line":105},"19":{"loc":{"start":{"line":105,"column":12},"end":{"line":105,"column":null}},"type":"binary-expr","locations":[{"start":{"line":105,"column":12},"end":{"line":105,"column":null}},{"start":{"line":105,"column":12},"end":{"line":105,"column":null}},{"start":{"line":105,"column":12},"end":{"line":105,"column":null}},{"start":{"line":105,"column":12},"end":{"line":105,"column":null}}],"line":105}},"s":{"0":8,"1":8,"2":3,"3":5,"4":8,"5":8,"6":8,"7":8,"8":8,"9":3,"10":3,"11":3,"12":3,"13":0,"14":0,"15":3,"16":5,"17":8,"18":8,"19":8,"20":8,"21":8,"22":4,"23":10,"24":4,"25":8,"26":8,"27":3,"28":3,"29":3,"30":3,"31":5,"32":3,"33":1,"34":1,"35":2,"36":5,"37":5,"38":5,"39":3,"40":2,"41":5,"42":3,"43":1,"44":2,"45":5,"46":4,"47":1,"48":5,"49":5,"50":9,"51":1,"52":3,"53":5,"54":5,"55":0,"56":5,"57":5,"58":0,"59":5,"60":3},"f":{"0":11,"1":3,"2":3,"3":0,"4":10,"5":1,"6":1,"7":1,"8":9,"9":1},"b":{"0":[3,5],"1":[3,5],"2":[8,0],"3":[8,4,1,0],"4":[4,4],"5":[3,5],"6":[3,0],"7":[3,2],"8":[0,1],"9":[3,2],"10":[3,2],"11":[4,1],"12":[5,0],"13":[1,8],"14":[9,1],"15":[3,5],"16":[5,0],"17":[5,2],"18":[5,0],"19":[5,2,2,1]},"meta":{"lastBranch":20,"lastFunction":10,"lastStatement":61,"seen":{"f:4:15:4:Infinity":0,"s:4:15:4:Infinity":0,"b:4:15:5:Infinity:5:39:5:Infinity":0,"s:4:15:5:Infinity":1,"s:5:37:5:39":2,"s:5:39:5:Infinity":3,"s:5:2:5:Infinity":4,"s:6:2:6:Infinity":5,"s:7:2:7:Infinity":6,"s:8:2:8:57":7,"b:8:57:21:8:21:7:21:8":1,"s:8:57:21:8":8,"s:10:12:20:Infinity":9,"f:10:12:10:Infinity":1,"s:11:4:20:8":10,"f:12:32:12:Infinity":2,"s:14:8:14:Infinity":11,"s:15:8:15:25":12,"f:16:8:16:Infinity":3,"s:18:8:18:Infinity":13,"s:19:8:19:25":14,"s:21:5:21:7":15,"s:21:7:21:8":16,"s:10:2:21:8":17,"b:21:8:104:Infinity:104:9:104:Infinity":2,"s:21:8:104:Infinity":18,"b:21:8:21:Infinity:21:8:21:Infinity:21:8:21:Infinity:21:8:21:Infinity":3,"s:29:6:31:12":19,"s:31:12:104:Infinity":20,"b:31:12:24:Infinity:24:62:24:Infinity":4,"s:31:12:24:Infinity":21,"s:23:37:24:62":22,"f:23:37:23:Infinity":4,"s:24:4:24:62":23,"s:24:62:24:Infinity":24,"s:23:24:25:4":25,"b:25:4:31:Infinity:undefined:undefined:undefined:undefined":5,"s:25:4:31:Infinity":26,"b:27:13:31:Infinity:31:12:31:Infinity":6,"s:27:13:31:Infinity":27,"s:29:6:31:11":28,"s:31:12:31:Infinity":29,"s:29:6:29:21":30,"b:31:12:37:Infinity:37:3:37:Infinity":7,"s:31:12:37:Infinity":31,"s:35:23:36:Infinity":32,"f:35:23:35:Infinity":5,"s:36:4:36:56":33,"f:36:19:36:31":6,"s:36:31:36:55":34,"b:36:42:36:52:36:52:36:55":8,"s:37:3:37:Infinity":35,"s:35:23:35:Infinity":36,"s:40:19:40:28":37,"b:40:28:41:Infinity:41:34:41:Infinity":9,"s:40:28:41:Infinity":38,"s:41:6:41:34":39,"s:41:34:41:Infinity":40,"b:41:34:48:Infinity:48:56:48:Infinity":10,"s:41:34:48:Infinity":41,"s:48:20:48:56":42,"f:48:20:48:27":7,"s:48:27:48:56":43,"s:48:56:48:Infinity":44,"b:48:56:51:Infinity:51:12:51:Infinity":11,"s:48:56:51:Infinity":45,"s:43:6:51:12":46,"s:51:12:51:Infinity":47,"s:53:21:53:Infinity":48,"s:54:9:103:Infinity":49,"b:55:10:98:Infinity:100:10:103:Infinity":12,"f:55:23:55:Infinity":8,"s:56:12:97:Infinity":50,"f:59:23:59:29":9,"s:59:29:59:Infinity":51,"b:66:46:66:53:66:53:66:Infinity":13,"b:70:15:70:Infinity:71:16:95:Infinity":14,"s:104:9:104:Infinity":52,"b:104:9:104:Infinity:undefined:undefined:undefined:undefined":15,"b:104:9:105:Infinity:105:12:105:Infinity":16,"s:104:9:105:Infinity":53,"b:104:9:104:Infinity:104:9:104:Infinity":17,"s:53:6:105:12":54,"s:105:12:105:Infinity":55,"b:105:12:106:Infinity:106:10:106:Infinity":18,"s:105:12:106:Infinity":56,"b:105:12:105:Infinity:105:12:105:Infinity:105:12:105:Infinity:105:12:105:Infinity":19,"s:40:4:106:10":57,"s:106:10:106:Infinity":58,"s:106:10:40:19":59,"s:4:15:12:31":60}}}
}
